[0m00:49:18.402529 [debug] [MainThread]: Sending event: {'category': 'dbt', 'action': 'invocation', 'label': 'start', 'context': [<snowplow_tracker.self_describing_json.SelfDescribingJson object at 0x000001E2FFA99400>, <snowplow_tracker.self_describing_json.SelfDescribingJson object at 0x000001E280614CD0>, <snowplow_tracker.self_describing_json.SelfDescribingJson object at 0x000001E281C1FD90>]}


============================== 00:49:18.408826 | 94740eda-b4ee-4392-aeb3-e0313a926cb1 ==============================
[0m00:49:18.408826 [info ] [MainThread]: Running with dbt=1.10.2
[0m00:49:18.409333 [debug] [MainThread]: running dbt with arguments {'printer_width': '80', 'indirect_selection': 'eager', 'write_json': 'True', 'log_cache_events': 'False', 'partial_parse': 'True', 'cache_selected_only': 'False', 'profiles_dir': 'C:\\Users\\prajw\\.dbt', 'fail_fast': 'False', 'warn_error': 'None', 'log_path': 'logs', 'debug': 'False', 'version_check': 'True', 'use_colors': 'True', 'use_experimental_parser': 'False', 'no_print': 'None', 'quiet': 'False', 'empty': 'None', 'log_format': 'default', 'static_parser': 'True', 'invocation_command': 'dbt init risk_dw', 'introspect': 'True', 'target_path': 'None', 'warn_error_options': 'WarnErrorOptionsV2(error=[], warn=[], silence=[])', 'send_anonymous_usage_stats': 'True'}
[0m00:49:18.420664 [info ] [MainThread]: Creating dbt configuration folder at C:\Users\prajw\.dbt
[0m00:49:18.422202 [debug] [MainThread]: Starter project path: D:\Projects\Cross-Protocol Risk Dashboard & Alert Service\venv\Lib\site-packages\dbt\include\starter_project
[0m00:49:18.437893 [info ] [MainThread]: 
Your new dbt project "risk_dw" was created!

For more information on how to configure the profiles.yml file,
please consult the dbt documentation here:

  https://docs.getdbt.com/docs/configure-your-profile

One more thing:

Need help? Don't hesitate to reach out to us via GitHub issues or on Slack:

  https://community.getdbt.com/

Happy modeling!

[0m00:49:18.438470 [info ] [MainThread]: Setting up your profile.
[0m00:49:54.909730 [info ] [MainThread]: Profile risk_dw written to C:\Users\prajw\.dbt\profiles.yml using target's sample configuration. Once updated, you'll be able to start developing with dbt.
[0m00:49:54.910554 [debug] [MainThread]: Command `dbt init` succeeded at 00:49:54.910450 after 36.62 seconds
[0m00:49:54.910817 [debug] [MainThread]: Sending event: {'category': 'dbt', 'action': 'invocation', 'label': 'end', 'context': [<snowplow_tracker.self_describing_json.SelfDescribingJson object at 0x000001E281D275C0>, <snowplow_tracker.self_describing_json.SelfDescribingJson object at 0x000001E281D93770>, <snowplow_tracker.self_describing_json.SelfDescribingJson object at 0x000001E281CF6030>]}
[0m00:49:54.911099 [debug] [MainThread]: Flushing usage events
[0m00:49:55.363073 [debug] [MainThread]: An error was encountered while trying to flush usage events
